Unable to capture context for thread 66492 in process 68944, can not generate back trace
Unable to capture context for thread 67804 in process 68944, can not generate back trace
Unable to capture context for thread 69084 in process 68944, can not generate back trace
Exception at PC 0x00007FFB3028D759
Unable to capture context for thread 69084 in process 68944, can not generate back trace
Exception at PC 0x00007FFA976DBB93
Printing stacktrace...

Exception at PC 0x00007FFB3028D759
Exception at PC 0x00007FFB3028D759
Exception at PC 0x00007FFB3028D759
Exception at PC 0x00007FFB3028D759
Exception at PC 0x00007FFB3028D759
Exception at PC 0x00007FFB3028D759
Exception at PC 0x00007FFB3028D759
Exception at PC 0x00007FFB3028D759
[0]  [0x00007FFA976DBB93]
[1]  [0x00007FFA976DBB93]
[2]  [0x00007FFA976DB4A1]
[3]  [0x00007FFA976DB3EF]
[4]  [0x00007FFA976C19FE]
[5]  [0x00007FFA976C0ED1]
[6]  [0x00007FFA976C0D76]
[7]  [0x00007FFA976679F6]
[8]  [0x00007FFA97657AFB]
[9]  [0x00007FFA9777E90A]
[10]  [0x00007FFA97799F87]
[11]  [0x00007FFA9779A05F]
[12] (BaseThreadInitThunk+0x14) [0x00007FFB31137034]
[13] (RtlUserThreadStart+0x21) [0x00007FFB32A1D0D1]
Done
Exception at PC 0x00007FFB3028D759
Exception at PC 0x00007FFB3028D759
Exception at PC 0x00007FFB3028D759
Exception at PC 0x00007FFB3028D759
Exception at PC 0x00007FFB3028D759
Exception at PC 0x00007FFB3028D759
Exception at PC 0x00007FFB3028D759
Exception at PC 0x00007FFB3028D759
Exception at PC 0x00007FFB3028D759
